[2024-05-09 13:24:03.212] [INFO ] [restartedMain] com.HealthPass.HealthPassApplication Starting HealthPassApplication using Java 17.0.10 with PID 29280 (C:\Users\OOPSLA\Desktop\HealthPass_Spring\HealthPass_Server\build\classes\java\main started by OOPSLA in C:\Users\OOPSLA\Desktop\HealthPass_Spring\HealthPass_Server)
[2024-05-09 13:24:03.228] [INFO ] [restartedMain] com.HealthPass.HealthPassApplication No active profile set, falling back to 1 default profile: "default"
[2024-05-09 13:24:03.297] [INFO ] [restartedMain] org.springframework.boot.devtools.env.DevToolsPropertyDefaultsPostProcessor Devtools property defaults active! Set 'spring.devtools.add-properties' to 'false' to disable
[2024-05-09 13:24:03.297] [INFO ] [restartedMain] org.springframework.boot.devtools.env.DevToolsPropertyDefaultsPostProcessor For additional web related logging consider setting the 'logging.level.web' property to 'DEBUG'
[2024-05-09 13:24:04.409] [INFO ] [restartedMain] org.springframework.data.repository.config.RepositoryConfigurationDelegate Bootstrapping Spring Data JPA repositories in DEFAULT mode.
[2024-05-09 13:24:04.507] [INFO ] [restartedMain] org.springframework.data.repository.config.RepositoryConfigurationDelegate Finished Spring Data repository scanning in 82 ms. Found 2 JPA repository interfaces.
[2024-05-09 13:24:05.468] [INFO ] [restartedMain] org.springframework.boot.web.embedded.tomcat.TomcatWebServer Tomcat initialized with port 8080 (http)
[2024-05-09 13:24:05.483] [INFO ] [restartedMain] org.apache.coyote.http11.Http11NioProtocol Initializing ProtocolHandler ["http-nio-8080"]
[2024-05-09 13:24:05.486] [INFO ] [restartedMain] org.apache.catalina.core.StandardService Starting service [Tomcat]
[2024-05-09 13:24:05.486] [INFO ] [restartedMain] org.apache.catalina.core.StandardEngine Starting Servlet engine: [Apache Tomcat/10.1.19]
[2024-05-09 13:24:05.561] [INFO ] [restartedMain] org.apache.catalina.core.ContainerBase.[Tomcat].[localhost].[/] Initializing Spring embedded WebApplicationContext
[2024-05-09 13:24:05.567] [INFO ] [restartedMain] org.springframework.boot.web.servlet.context.ServletWebServerApplicationContext Root WebApplicationContext: initialization completed in 2264 ms
[2024-05-09 13:24:05.759] [INFO ] [restartedMain] org.hibernate.jpa.internal.util.LogHelper HHH000204: Processing PersistenceUnitInfo [name: default]
[2024-05-09 13:24:05.845] [INFO ] [restartedMain] org.hibernate.Version HHH000412: Hibernate ORM core version 6.4.4.Final
[2024-05-09 13:24:05.887] [INFO ] [restartedMain] org.hibernate.cache.internal.RegionFactoryInitiator HHH000026: Second-level cache disabled
[2024-05-09 13:24:06.255] [INFO ] [restartedMain] org.springframework.orm.jpa.persistenceunit.SpringPersistenceUnitInfo No LoadTimeWeaver setup: ignoring JPA class transformer
[2024-05-09 13:24:06.289] [INFO ] [restartedMain] com.zaxxer.hikari.HikariDataSource HikariPool-1 - Starting...
[2024-05-09 13:24:06.417] [INFO ] [restartedMain] com.zaxxer.hikari.pool.HikariPool HikariPool-1 - Added connection org.mariadb.jdbc.Connection@70a1fc83
[2024-05-09 13:24:06.420] [INFO ] [restartedMain] com.zaxxer.hikari.HikariDataSource HikariPool-1 - Start completed.
[2024-05-09 13:24:06.454] [WARN ] [restartedMain] org.hibernate.orm.deprecation HHH90000025: MariaDBDialect does not need to be specified explicitly using 'hibernate.dialect' (remove the property setting and it will be selected by default)
[2024-05-09 13:24:07.525] [INFO ] [restartedMain] org.hibernate.engine.transaction.jta.platform.internal.JtaPlatformInitiator HHH000489: No JTA platform available (set 'hibernate.transaction.jta.platform' to enable JTA platform integration)
[2024-05-09 13:24:07.582] [INFO ] [restartedMain] org.springframework.orm.jpa.LocalContainerEntityManagerFactoryBean Initialized JPA EntityManagerFactory for persistence unit 'default'
[2024-05-09 13:24:07.884] [INFO ] [restartedMain] org.springframework.data.jpa.repository.query.QueryEnhancerFactory Hibernate is in classpath; If applicable, HQL parser will be used.
[2024-05-09 13:24:08.456] [WARN ] [restartedMain] org.springframework.boot.autoconfigure.orm.jpa.JpaBaseConfiguration$JpaWebConfiguration spring.jpa.open-in-view is enabled by default. Therefore, database queries may be performed during view rendering. Explicitly configure spring.jpa.open-in-view to disable this warning
[2024-05-09 13:24:09.660] [INFO ] [restartedMain] org.springframework.boot.devtools.autoconfigure.OptionalLiveReloadServer LiveReload server is running on port 35729
[2024-05-09 13:24:09.675] [INFO ] [restartedMain] org.apache.coyote.http11.Http11NioProtocol Starting ProtocolHandler ["http-nio-8080"]
[2024-05-09 13:24:09.696] [INFO ] [restartedMain] org.springframework.boot.web.embedded.tomcat.TomcatWebServer Tomcat started on port 8080 (http) with context path ''
[2024-05-09 13:24:09.710] [INFO ] [restartedMain] com.HealthPass.HealthPassApplication Started HealthPassApplication in 6.911 seconds (process running for 7.609)
[2024-05-09 13:29:12.771] [INFO ] [http-nio-8080-exec-1] org.apache.catalina.core.ContainerBase.[Tomcat].[localhost].[/] Initializing Spring DispatcherServlet 'dispatcherServlet'
[2024-05-09 13:29:12.771] [INFO ] [http-nio-8080-exec-1] org.springframework.web.servlet.DispatcherServlet Initializing Servlet 'dispatcherServlet'
[2024-05-09 13:29:12.773] [INFO ] [http-nio-8080-exec-1] org.springframework.web.servlet.DispatcherServlet Completed initialization in 2 ms
[2024-05-09 13:29:56.473] [INFO ] [restartedMain] com.HealthPass.HealthPassApplication Starting HealthPassApplication using Java 17.0.10 with PID 13452 (C:\Users\OOPSLA\Desktop\HealthPass_Spring\HealthPass_Server\build\classes\java\main started by OOPSLA in C:\Users\OOPSLA\Desktop\HealthPass_Spring\HealthPass_Server)
[2024-05-09 13:29:56.475] [INFO ] [restartedMain] com.HealthPass.HealthPassApplication No active profile set, falling back to 1 default profile: "default"
[2024-05-09 13:29:56.552] [INFO ] [restartedMain] org.springframework.boot.devtools.env.DevToolsPropertyDefaultsPostProcessor Devtools property defaults active! Set 'spring.devtools.add-properties' to 'false' to disable
[2024-05-09 13:29:56.552] [INFO ] [restartedMain] org.springframework.boot.devtools.env.DevToolsPropertyDefaultsPostProcessor For additional web related logging consider setting the 'logging.level.web' property to 'DEBUG'
[2024-05-09 13:29:57.827] [INFO ] [restartedMain] org.springframework.data.repository.config.RepositoryConfigurationDelegate Bootstrapping Spring Data JPA repositories in DEFAULT mode.
[2024-05-09 13:29:57.916] [INFO ] [restartedMain] org.springframework.data.repository.config.RepositoryConfigurationDelegate Finished Spring Data repository scanning in 72 ms. Found 2 JPA repository interfaces.
[2024-05-09 13:29:58.885] [INFO ] [restartedMain] org.springframework.boot.web.embedded.tomcat.TomcatWebServer Tomcat initialized with port 8080 (http)
[2024-05-09 13:29:58.905] [INFO ] [restartedMain] org.apache.coyote.http11.Http11NioProtocol Initializing ProtocolHandler ["http-nio-8080"]
[2024-05-09 13:29:58.908] [INFO ] [restartedMain] org.apache.catalina.core.StandardService Starting service [Tomcat]
[2024-05-09 13:29:58.908] [INFO ] [restartedMain] org.apache.catalina.core.StandardEngine Starting Servlet engine: [Apache Tomcat/10.1.19]
[2024-05-09 13:29:58.992] [INFO ] [restartedMain] org.apache.catalina.core.ContainerBase.[Tomcat].[localhost].[/] Initializing Spring embedded WebApplicationContext
[2024-05-09 13:29:58.994] [INFO ] [restartedMain] org.springframework.boot.web.servlet.context.ServletWebServerApplicationContext Root WebApplicationContext: initialization completed in 2440 ms
[2024-05-09 13:29:59.229] [INFO ] [restartedMain] org.hibernate.jpa.internal.util.LogHelper HHH000204: Processing PersistenceUnitInfo [name: default]
[2024-05-09 13:29:59.324] [INFO ] [restartedMain] org.hibernate.Version HHH000412: Hibernate ORM core version 6.4.4.Final
[2024-05-09 13:29:59.383] [INFO ] [restartedMain] org.hibernate.cache.internal.RegionFactoryInitiator HHH000026: Second-level cache disabled
[2024-05-09 13:29:59.942] [INFO ] [restartedMain] org.springframework.orm.jpa.persistenceunit.SpringPersistenceUnitInfo No LoadTimeWeaver setup: ignoring JPA class transformer
[2024-05-09 13:29:59.987] [INFO ] [restartedMain] com.zaxxer.hikari.HikariDataSource HikariPool-1 - Starting...
[2024-05-09 13:30:00.174] [INFO ] [restartedMain] com.zaxxer.hikari.pool.HikariPool HikariPool-1 - Added connection org.mariadb.jdbc.Connection@cbd4fca
[2024-05-09 13:30:00.176] [INFO ] [restartedMain] com.zaxxer.hikari.HikariDataSource HikariPool-1 - Start completed.
[2024-05-09 13:30:00.222] [WARN ] [restartedMain] org.hibernate.orm.deprecation HHH90000025: MariaDBDialect does not need to be specified explicitly using 'hibernate.dialect' (remove the property setting and it will be selected by default)
[2024-05-09 13:30:01.495] [INFO ] [restartedMain] org.hibernate.engine.transaction.jta.platform.internal.JtaPlatformInitiator HHH000489: No JTA platform available (set 'hibernate.transaction.jta.platform' to enable JTA platform integration)
[2024-05-09 13:30:01.560] [INFO ] [restartedMain] org.springframework.orm.jpa.LocalContainerEntityManagerFactoryBean Initialized JPA EntityManagerFactory for persistence unit 'default'
[2024-05-09 13:30:02.111] [INFO ] [restartedMain] org.springframework.data.jpa.repository.query.QueryEnhancerFactory Hibernate is in classpath; If applicable, HQL parser will be used.
[2024-05-09 13:30:03.038] [WARN ] [restartedMain] org.springframework.boot.autoconfigure.orm.jpa.JpaBaseConfiguration$JpaWebConfiguration spring.jpa.open-in-view is enabled by default. Therefore, database queries may be performed during view rendering. Explicitly configure spring.jpa.open-in-view to disable this warning
[2024-05-09 13:30:05.427] [INFO ] [restartedMain] org.springframework.boot.devtools.autoconfigure.OptionalLiveReloadServer LiveReload server is running on port 35729
[2024-05-09 13:30:05.451] [INFO ] [restartedMain] org.apache.coyote.http11.Http11NioProtocol Starting ProtocolHandler ["http-nio-8080"]
[2024-05-09 13:30:05.490] [INFO ] [restartedMain] org.springframework.boot.web.embedded.tomcat.TomcatWebServer Tomcat started on port 8080 (http) with context path ''
[2024-05-09 13:30:05.514] [INFO ] [restartedMain] com.HealthPass.HealthPassApplication Started HealthPassApplication in 9.6 seconds (process running for 10.555)
[2024-05-09 13:30:06.150] [INFO ] [http-nio-8080-exec-1] org.apache.catalina.core.ContainerBase.[Tomcat].[localhost].[/] Initializing Spring DispatcherServlet 'dispatcherServlet'
[2024-05-09 13:30:06.151] [INFO ] [http-nio-8080-exec-1] org.springframework.web.servlet.DispatcherServlet Initializing Servlet 'dispatcherServlet'
[2024-05-09 13:30:06.152] [INFO ] [http-nio-8080-exec-1] org.springframework.web.servlet.DispatcherServlet Completed initialization in 1 ms
